AndroidApp/app/build/intermediates/manifest_merge_blame_file/debug/manifest-merger-blame-debug-report.txt
1<?xml version="1.0" encoding="utf-8"?>
2<manifest xmlns:android="http://schemas.android.com/apk/res/android"
3    package="com.aideck.transfer"
4    android:versionCode="1"
5    android:versionName="1.0" >
6
7    <uses-sdk
8        android:minSdkVersion="26"
9        android:targetSdkVersion="36" />
10
11    <!-- BLE 权限 -->
12    <uses-permission
12-->src\main\AndroidManifest.xml:5:5-95
13        android:name="android.permission.BLUETOOTH"
13-->src\main\AndroidManifest.xml:5:22-65
14        android:maxSdkVersion="30" />
14-->src\main\AndroidManifest.xml:5:66-92
15    <uses-permission
15-->src\main\AndroidManifest.xml:6:5-101
16        android:name="android.permission.BLUETOOTH_ADMIN"
16-->src\main\AndroidManifest.xml:6:22-71
17        android:maxSdkVersion="30" />
17-->src\main\AndroidManifest.xml:6:72-98
18    <uses-permission
18-->src\main\AndroidManifest.xml:7:5-120
19        android:name="android.permission.BLUETOOTH_SCAN"
19-->src\main\AndroidManifest.xml:7:22-70
20        android:usesPermissionFlags="neverForLocation" />
20-->src\main\AndroidManifest.xml:7:71-117
21    <uses-permission android:name="android.permission.BLUETOOTH_CONNECT" />
21-->src\main\AndroidManifest.xml:8:5-76
21-->src\main\AndroidManifest.xml:8:22-73
22    <uses-permission android:name="android.permission.ACCESS_FINE_LOCATION" />
22-->src\main\AndroidManifest.xml:9:5-79
22-->src\main\AndroidManifest.xml:9:22-76
23    <uses-permission android:name="android.permission.READ_MEDIA_IMAGES" />
23-->src\main\AndroidManifest.xml:10:5-76
23-->src\main\AndroidManifest.xml:10:22-73
24    <uses-permission
24-->src\main\AndroidManifest.xml:11:5-107
25        android:name="android.permission.READ_EXTERNAL_STORAGE"
25-->src\main\AndroidManifest.xml:11:22-77
26        android:maxSdkVersion="32" />
26-->src\main\AndroidManifest.xml:11:78-104
27
28    <uses-feature
28-->src\main\AndroidManifest.xml:13:5-90
29        android:name="android.hardware.bluetooth_le"
29-->src\main\AndroidManifest.xml:13:19-63
30        android:required="true" />
30-->src\main\AndroidManifest.xml:13:64-87
31
32    <permission
32-->[androidx.core:core:1.12.0] AndroidManifest.xml:22:5-24:47
33        android:name="com.aideck.transfer.DYNAMIC_RECEIVER_NOT_EXPORTED_PERMISSION"
33-->[androidx.core:core:1.12.0] AndroidManifest.xml:23:9-81
34        android:protectionLevel="signature" />
34-->[androidx.core:core:1.12.0] AndroidManifest.xml:24:9-44
35
36    <uses-permission android:name="com.aideck.transfer.DYNAMIC_RECEIVER_NOT_EXPORTED_PERMISSION" />
36-->[androidx.core:core:1.12.0] AndroidManifest.xml:26:5-97
36-->[androidx.core:core:1.12.0] AndroidManifest.xml:26:22-94
37
38    <application
38-->src\main\AndroidManifest.xml:15:5-30:19
39        android:allowBackup="true"
39-->src\main\AndroidManifest.xml:16:9-35
40        android:appComponentFactory="androidx.core.app.CoreComponentFactory"
40-->[androidx.core:core:1.12.0] AndroidManifest.xml:28:18-86
41        android:debuggable="true"
42        android:extractNativeLibs="false"
43        android:icon="@mipmap/ic_launcher"
43-->src\main\AndroidManifest.xml:18:9-43
44        android:label="AI Deck"
44-->src\main\AndroidManifest.xml:17:9-32
45        android:supportsRtl="true"
45-->src\main\AndroidManifest.xml:20:9-35
46        android:theme="@style/Theme.Material3.Dark.NoActionBar" >
46-->src\main\AndroidManifest.xml:19:9-64
47        <activity
47-->src\main\AndroidManifest.xml:22:9-29:20
48            android:name="com.aideck.transfer.MainActivity"
48-->src\main\AndroidManifest.xml:23:13-41
49            android:exported="true" >
49-->src\main\AndroidManifest.xml:24:13-36
50            <intent-filter>
50-->src\main\AndroidManifest.xml:25:13-28:29
51                <action android:name="android.intent.action.MAIN" />
51-->src\main\AndroidManifest.xml:26:17-69
51-->src\main\AndroidManifest.xml:26:25-66
52
53                <category android:name="android.intent.category.LAUNCHER" />
53-->src\main\AndroidManifest.xml:27:17-77
53-->src\main\AndroidManifest.xml:27:27-74
54            </intent-filter>
55        </activity>
56
57        <provider
57-->[androidx.emoji2:emoji2:1.2.0] AndroidManifest.xml:24:9-32:20
58            android:name="androidx.startup.InitializationProvider"
58-->[androidx.emoji2:emoji2:1.2.0] AndroidManifest.xml:25:13-67
59            android:authorities="com.aideck.transfer.androidx-startup"
59-->[androidx.emoji2:emoji2:1.2.0] AndroidManifest.xml:26:13-68
60            android:exported="false" >
60-->[androidx.emoji2:emoji2:1.2.0] AndroidManifest.xml:27:13-37
61            <meta-data
61-->[androidx.emoji2:emoji2:1.2.0] AndroidManifest.xml:29:13-31:52
62                android:name="androidx.emoji2.text.EmojiCompatInitializer"
62-->[androidx.emoji2:emoji2:1.2.0] AndroidManifest.xml:30:17-75
63                android:value="androidx.startup" />
63-->[androidx.emoji2:emoji2:1.2.0] AndroidManifest.xml:31:17-49
64            <meta-data
64-->[androidx.lifecycle:lifecycle-process:2.7.0] AndroidManifest.xml:29:13-31:52
65                android:name="androidx.lifecycle.ProcessLifecycleInitializer"
65-->[androidx.lifecycle:lifecycle-process:2.7.0] AndroidManifest.xml:30:17-78
66                android:value="androidx.startup" />
66-->[androidx.lifecycle:lifecycle-process:2.7.0] AndroidManifest.xml:31:17-49
67            <meta-data
67-->[androidx.profileinstaller:profileinstaller:1.3.0] AndroidManifest.xml:29:13-31:52
68                android:name="androidx.profileinstaller.ProfileInstallerInitializer"
68-->[androidx.profileinstaller:profileinstaller:1.3.0] AndroidManifest.xml:30:17-85
69                android:value="androidx.startup" />
69-->[androidx.profileinstaller:profileinstaller:1.3.0] AndroidManifest.xml:31:17-49
70        </provider>
71
72        <receiver
72-->[androidx.profileinstaller:profileinstaller:1.3.0] AndroidManifest.xml:34:9-52:20
73            android:name="androidx.profileinstaller.ProfileInstallReceiver"
73-->[androidx.profileinstaller:profileinstaller:1.3.0] AndroidManifest.xml:35:13-76
74            android:directBootAware="false"
74-->[androidx.profileinstaller:profileinstaller:1.3.0] AndroidManifest.xml:36:13-44
75            android:enabled="true"
75-->[androidx.profileinstaller:profileinstaller:1.3.0] AndroidManifest.xml:37:13-35
76            android:exported="true"
76-->[androidx.profileinstaller:profileinstaller:1.3.0] AndroidManifest.xml:38:13-36
77            android:permission="android.permission.DUMP" >
77-->[androidx.profileinstaller:profileinstaller:1.3.0] AndroidManifest.xml:39:13-57
78            <intent-filter>
78-->[androidx.profileinstaller:profileinstaller:1.3.0] AndroidManifest.xml:40:13-42:29
79                <action android:name="androidx.profileinstaller.action.INSTALL_PROFILE" />
79-->[androidx.profileinstaller:profileinstaller:1.3.0] AndroidManifest.xml:41:17-91
79-->[androidx.profileinstaller:profileinstaller:1.3.0] AndroidManifest.xml:41:25-88
80            </intent-filter>
81            <intent-filter>
81-->[androidx.profileinstaller:profileinstaller:1.3.0] AndroidManifest.xml:43:13-45:29
82                <action android:name="androidx.profileinstaller.action.SKIP_FILE" />
82-->[androidx.profileinstaller:profileinstaller:1.3.0] AndroidManifest.xml:44:17-85
82-->[androidx.profileinstaller:profileinstaller:1.3.0] AndroidManifest.xml:44:25-82
83            </intent-filter>
84            <intent-filter>
84-->[androidx.profileinstaller:profileinstaller:1.3.0] AndroidManifest.xml:46:13-48:29
85                <action android:name="androidx.profileinstaller.action.SAVE_PROFILE" />
85-->[androidx.profileinstaller:profileinstaller:1.3.0] AndroidManifest.xml:47:17-88
85-->[androidx.profileinstaller:profileinstaller:1.3.0] AndroidManifest.xml:47:25-85
86            </intent-filter>
87            <intent-filter>
87-->[androidx.profileinstaller:profileinstaller:1.3.0] AndroidManifest.xml:49:13-51:29
88                <action android:name="androidx.profileinstaller.action.BENCHMARK_OPERATION" />
88-->[androidx.profileinstaller:profileinstaller:1.3.0] AndroidManifest.xml:50:17-95
88-->[androidx.profileinstaller:profileinstaller:1.3.0] AndroidManifest.xml:50:25-92
89            </intent-filter>
90        </receiver>
91    </application>
92
93</manifest>